#-----------------------------------------------------------
# Vivado v2021.1 (64-bit)
# SW Build 3247384 on Thu Jun 10 19:36:33 MDT 2021
# IP Build 3246043 on Fri Jun 11 00:30:35 MDT 2021
# Start of session at: Mon Oct 25 09:44:13 2021
# Process ID: 11732
# Current directory: E:/Magisterio/IPD-432/Tarea 1/code/Pregunta 4
# Command line: vivado.exe -gui_launcher_event rodinguilauncherevent2076 E:\Magisterio\IPD-432\Tarea 1\code\Pregunta 4\code.xpr
# Log file: E:/Magisterio/IPD-432/Tarea 1/code/Pregunta 4/vivado.log
# Journal file: E:/Magisterio/IPD-432/Tarea 1/code/Pregunta 4\vivado.jou
#-----------------------------------------------------------
start_gui
open_project {E:/Magisterio/IPD-432/Tarea 1/code/Pregunta 4/code.xpr}
Scanning sources...
Finished scanning sources
INFO: [IP_Flow 19-234] Refreshing IP repositories
INFO: [IP_Flow 19-1704] No user IP repositories specified
INFO: [IP_Flow 19-2313] Loaded Vivado IP repository 'C:/Xilinx/Vivado/2021.1/data/ip'.
open_project: Time (s): cpu = 00:00:21 ; elapsed = 00:00:09 . Memory (MB): peak = 1450.363 ; gain = 0.000
update_compile_order -fileset sources_1
update_compile_order -fileset sources_1
update_compile_order -fileset sources_1
update_compile_order -fileset sources_1
update_compile_order -fileset sources_1
update_compile_order -fileset sources_1
update_compile_order -fileset sources_1
add_files -norecurse {{E:/Magisterio/IPD-432/Tarea 1/code/Pregunta 4/code.srcs/sources_1/new/seven_seg_controller.sv}}
update_compile_order -fileset sources_1
